
*** Running vivado
    with args -log design_1_CoarseTreeDistributor_0_0.vds -m64 -product Vivado -mode batch -messageDb vivado.pb -notrace -source design_1_CoarseTreeDistributor_0_0.tcl


****** Vivado v2020.2 (64-bit)
  **** SW Build 3064766 on Wed Nov 18 09:12:47 MST 2020
  **** IP Build 3064653 on Wed Nov 18 14:17:31 MST 2020
    ** Copyright 1986-2020 Xilinx, Inc. All Rights Reserved.

source design_1_CoarseTreeDistributor_0_0.tcl -notrace
INFO: [IP_Flow 19-234] Refreshing IP repositories
INFO: [IP_Flow 19-1700] Loaded user IP repository '/home/mconsonni/Utility_Ip_Core'.
INFO: [IP_Flow 19-2313] Loaded Vivado IP repository '/opt/Xilinx/Vivado/2020.2/data/ip'.
Command: synth_design -top design_1_CoarseTreeDistributor_0_0 -part xc7k325tfbg676-2 -mode out_of_context
Starting synth_design
Attempting to get a license for feature 'Synthesis' and/or device 'xc7k325t'
INFO: [Common 17-349] Got license for feature 'Synthesis' and/or device 'xc7k325t'
INFO: [Common 17-1540] The version limit for your license is '2021.05' and has expired for new software. A version limit expiration means that, although you may be able to continue to use the current version of tools or IP with this license, you will not be eligible for any updates or new releases.
INFO: [Device 21-403] Loading part xc7k325tfbg676-2
INFO: [Synth 8-7079] Multithreading enabled for synth_design using a maximum of 4 processes.
INFO: [Synth 8-7078] Launching helper process for spawning children vivado processes
INFO: [Synth 8-7075] Helper process launched with PID 7576
---------------------------------------------------------------------------------
Starting RTL Elaboration : Time (s): cpu = 00:00:03 ; elapsed = 00:00:03 . Memory (MB): peak = 2421.297 ; gain = 0.000 ; free physical = 6430 ; free virtual = 11759
---------------------------------------------------------------------------------
INFO: [Synth 8-638] synthesizing module 'design_1_CoarseTreeDistributor_0_0' [/home/mconsonni/Desktop/Tesi/Projects/TDC-Panther/TDC-Panther.gen/sources_1/bd/design_1/ip/design_1_CoarseTreeDistributor_0_0/synth/design_1_CoarseTreeDistributor_0_0.vhd:66]
	Parameter CTD_COARSE_CNT_INIT bound to: 1 - type: integer 
	Parameter BIT_COARSE bound to: 8 - type: integer 
	Parameter NUMBER_OF_OUTPUT bound to: 3 - type: integer 
	Parameter MAX_OUTPUT_ENGINE_PIPELINE_0 bound to: 2 - type: integer 
	Parameter MAX_OUTPUT_ENGINE_PIPELINE_1 bound to: 1 - type: integer 
	Parameter MAX_OUTPUT_ENGINE_PIPELINE_2 bound to: 1 - type: integer 
	Parameter MAX_OUTPUT_ENGINE_PIPELINE_3 bound to: 1 - type: integer 
INFO: [Synth 8-3491] module 'CoarseTreeDistributor' declared at '/home/mconsonni/Desktop/Tesi/Projects/TDC-Panther/TDC-Panther.gen/sources_1/bd/design_1/ipshared/b66f/hdl/CoarseTreeDistributor.vhd:88' bound to instance 'U0' of component 'CoarseTreeDistributor' [/home/mconsonni/Desktop/Tesi/Projects/TDC-Panther/TDC-Panther.gen/sources_1/bd/design_1/ip/design_1_CoarseTreeDistributor_0_0/synth/design_1_CoarseTreeDistributor_0_0.vhd:119]
INFO: [Synth 8-256] done synthesizing module 'design_1_CoarseTreeDistributor_0_0' (5#1) [/home/mconsonni/Desktop/Tesi/Projects/TDC-Panther/TDC-Panther.gen/sources_1/bd/design_1/ip/design_1_CoarseTreeDistributor_0_0/synth/design_1_CoarseTreeDistributor_0_0.vhd:66]
---------------------------------------------------------------------------------
Finished RTL Elaboration : Time (s): cpu = 00:00:04 ; elapsed = 00:00:04 . Memory (MB): peak = 2434.297 ; gain = 13.000 ; free physical = 7161 ; free virtual = 12489
---------------------------------------------------------------------------------
---------------------------------------------------------------------------------
Start Handling Custom Attributes
---------------------------------------------------------------------------------
---------------------------------------------------------------------------------
Finished Handling Custom Attributes : Time (s): cpu = 00:00:04 ; elapsed = 00:00:05 . Memory (MB): peak = 2449.141 ; gain = 27.844 ; free physical = 7197 ; free virtual = 12525
---------------------------------------------------------------------------------
---------------------------------------------------------------------------------
Finished RTL Optimization Phase 1 : Time (s): cpu = 00:00:04 ; elapsed = 00:00:05 . Memory (MB): peak = 2449.141 ; gain = 27.844 ; free physical = 7197 ; free virtual = 12525
---------------------------------------------------------------------------------
Netlist sorting complete. Time (s): cpu = 00:00:00 ; elapsed = 00:00:00 . Memory (MB): peak = 2449.141 ; gain = 0.000 ; free physical = 7191 ; free virtual = 12519
INFO: [Project 1-570] Preparing netlist for logic optimization

Processing XDC Constraints
Initializing timing engine
Completed Processing XDC Constraints

Netlist sorting complete. Time (s): cpu = 00:00:00 ; elapsed = 00:00:00 . Memory (MB): peak = 2586.875 ; gain = 0.000 ; free physical = 7099 ; free virtual = 12428
INFO: [Project 1-111] Unisim Transformation Summary:
No Unisim elements were transformed.

Constraint Validation Runtime : Time (s): cpu = 00:00:00.01 ; elapsed = 00:00:00.01 . Memory (MB): peak = 2586.875 ; gain = 0.000 ; free physical = 7099 ; free virtual = 12428
---------------------------------------------------------------------------------
Finished Constraint Validation : Time (s): cpu = 00:00:09 ; elapsed = 00:00:10 . Memory (MB): peak = 2586.875 ; gain = 165.578 ; free physical = 7147 ; free virtual = 12476
---------------------------------------------------------------------------------
---------------------------------------------------------------------------------
Start Loading Part and Timing Information
---------------------------------------------------------------------------------
Loading part: xc7k325tfbg676-2
---------------------------------------------------------------------------------
Finished Loading Part and Timing Information : Time (s): cpu = 00:00:09 ; elapsed = 00:00:10 . Memory (MB): peak = 2586.875 ; gain = 165.578 ; free physical = 7147 ; free virtual = 12476
---------------------------------------------------------------------------------
---------------------------------------------------------------------------------
Start Applying 'set_property' XDC Constraints
---------------------------------------------------------------------------------
---------------------------------------------------------------------------------
Finished applying 'set_property' XDC Constraints : Time (s): cpu = 00:00:09 ; elapsed = 00:00:10 . Memory (MB): peak = 2586.875 ; gain = 165.578 ; free physical = 7147 ; free virtual = 12476
---------------------------------------------------------------------------------
---------------------------------------------------------------------------------
Finished RTL Optimization Phase 2 : Time (s): cpu = 00:00:09 ; elapsed = 00:00:10 . Memory (MB): peak = 2586.875 ; gain = 165.578 ; free physical = 7147 ; free virtual = 12477
---------------------------------------------------------------------------------
---------------------------------------------------------------------------------
Start RTL Component Statistics 
---------------------------------------------------------------------------------
Detailed RTL Component Info : 
+---Adders : 
	   2 Input    8 Bit       Adders := 1     
+---Registers : 
	               16 Bit    Registers := 3     
	                8 Bit    Registers := 1     
---------------------------------------------------------------------------------
Finished RTL Component Statistics 
---------------------------------------------------------------------------------
---------------------------------------------------------------------------------
Start Part Resource Summary
---------------------------------------------------------------------------------
Part Resources:
DSPs: 840 (col length:140)
BRAMs: 890 (col length: RAMB18 140 RAMB36 70)
---------------------------------------------------------------------------------
Finished Part Resource Summary
---------------------------------------------------------------------------------
---------------------------------------------------------------------------------
Start Cross Boundary and Area Optimization
---------------------------------------------------------------------------------
---------------------------------------------------------------------------------
Finished Cross Boundary and Area Optimization : Time (s): cpu = 00:00:09 ; elapsed = 00:00:11 . Memory (MB): peak = 2586.875 ; gain = 165.578 ; free physical = 6529 ; free virtual = 11862
---------------------------------------------------------------------------------
---------------------------------------------------------------------------------
Start Applying XDC Timing Constraints
---------------------------------------------------------------------------------
---------------------------------------------------------------------------------
Finished Applying XDC Timing Constraints : Time (s): cpu = 00:00:14 ; elapsed = 00:00:15 . Memory (MB): peak = 2586.875 ; gain = 165.578 ; free physical = 6567 ; free virtual = 11900
---------------------------------------------------------------------------------
---------------------------------------------------------------------------------
Start Timing Optimization
---------------------------------------------------------------------------------
---------------------------------------------------------------------------------
Finished Timing Optimization : Time (s): cpu = 00:00:14 ; elapsed = 00:00:15 . Memory (MB): peak = 2586.875 ; gain = 165.578 ; free physical = 6564 ; free virtual = 11896
---------------------------------------------------------------------------------
---------------------------------------------------------------------------------
Start Technology Mapping
---------------------------------------------------------------------------------
---------------------------------------------------------------------------------
Finished Technology Mapping : Time (s): cpu = 00:00:14 ; elapsed = 00:00:15 . Memory (MB): peak = 2586.875 ; gain = 165.578 ; free physical = 6549 ; free virtual = 11881
---------------------------------------------------------------------------------
---------------------------------------------------------------------------------
Start IO Insertion
---------------------------------------------------------------------------------
---------------------------------------------------------------------------------
Start Flattening Before IO Insertion
---------------------------------------------------------------------------------
---------------------------------------------------------------------------------
Finished Flattening Before IO Insertion
---------------------------------------------------------------------------------
---------------------------------------------------------------------------------
Start Final Netlist Cleanup
---------------------------------------------------------------------------------
---------------------------------------------------------------------------------
Finished Final Netlist Cleanup
---------------------------------------------------------------------------------
---------------------------------------------------------------------------------
Finished IO Insertion : Time (s): cpu = 00:00:16 ; elapsed = 00:00:17 . Memory (MB): peak = 2586.875 ; gain = 165.578 ; free physical = 6377 ; free virtual = 11709
---------------------------------------------------------------------------------
---------------------------------------------------------------------------------
Start Renaming Generated Instances
---------------------------------------------------------------------------------
---------------------------------------------------------------------------------
Finished Renaming Generated Instances : Time (s): cpu = 00:00:16 ; elapsed = 00:00:17 . Memory (MB): peak = 2586.875 ; gain = 165.578 ; free physical = 6377 ; free virtual = 11709
---------------------------------------------------------------------------------
---------------------------------------------------------------------------------
Start Rebuilding User Hierarchy
---------------------------------------------------------------------------------
---------------------------------------------------------------------------------
Finished Rebuilding User Hierarchy : Time (s): cpu = 00:00:16 ; elapsed = 00:00:17 . Memory (MB): peak = 2586.875 ; gain = 165.578 ; free physical = 6377 ; free virtual = 11709
---------------------------------------------------------------------------------
---------------------------------------------------------------------------------
Start Renaming Generated Ports
---------------------------------------------------------------------------------
---------------------------------------------------------------------------------
Finished Renaming Generated Ports : Time (s): cpu = 00:00:16 ; elapsed = 00:00:17 . Memory (MB): peak = 2586.875 ; gain = 165.578 ; free physical = 6377 ; free virtual = 11709
---------------------------------------------------------------------------------
---------------------------------------------------------------------------------
Start Handling Custom Attributes
---------------------------------------------------------------------------------
---------------------------------------------------------------------------------
Finished Handling Custom Attributes : Time (s): cpu = 00:00:16 ; elapsed = 00:00:17 . Memory (MB): peak = 2586.875 ; gain = 165.578 ; free physical = 6377 ; free virtual = 11709
---------------------------------------------------------------------------------
---------------------------------------------------------------------------------
Start Renaming Generated Nets
---------------------------------------------------------------------------------
---------------------------------------------------------------------------------
Finished Renaming Generated Nets : Time (s): cpu = 00:00:16 ; elapsed = 00:00:17 . Memory (MB): peak = 2586.875 ; gain = 165.578 ; free physical = 6377 ; free virtual = 11709
---------------------------------------------------------------------------------
---------------------------------------------------------------------------------
Start Writing Synthesis Report
---------------------------------------------------------------------------------

Report BlackBoxes: 
+-+--------------+----------+
| |BlackBox name |Instances |
+-+--------------+----------+
+-+--------------+----------+

Report Cell Usage: 
+------+-----+------+
|      |Cell |Count |
+------+-----+------+
|1     |LUT1 |     1|
|2     |LUT2 |     2|
|3     |LUT3 |     2|
|4     |LUT4 |     1|
|5     |LUT5 |     1|
|6     |LUT6 |     2|
|7     |FDCE |    23|
|8     |FDPE |     1|
+------+-----+------+
---------------------------------------------------------------------------------
Finished Writing Synthesis Report : Time (s): cpu = 00:00:16 ; elapsed = 00:00:17 . Memory (MB): peak = 2586.875 ; gain = 165.578 ; free physical = 6377 ; free virtual = 11709
---------------------------------------------------------------------------------
Synthesis finished with 0 errors, 0 critical warnings and 0 warnings.
Synthesis Optimization Runtime : Time (s): cpu = 00:00:14 ; elapsed = 00:00:16 . Memory (MB): peak = 2586.875 ; gain = 27.844 ; free physical = 6425 ; free virtual = 11758
Synthesis Optimization Complete : Time (s): cpu = 00:00:16 ; elapsed = 00:00:18 . Memory (MB): peak = 2586.883 ; gain = 165.578 ; free physical = 6425 ; free virtual = 11758
INFO: [Project 1-571] Translating synthesized netlist
Netlist sorting complete. Time (s): cpu = 00:00:00 ; elapsed = 00:00:00.01 . Memory (MB): peak = 2586.883 ; gain = 0.000 ; free physical = 6501 ; free virtual = 11833
INFO: [Project 1-570] Preparing netlist for logic optimization
INFO: [Opt 31-138] Pushed 0 inverter(s) to 0 load pin(s).
Netlist sorting complete. Time (s): cpu = 00:00:00 ; elapsed = 00:00:00 . Memory (MB): peak = 2586.883 ; gain = 0.000 ; free physical = 6380 ; free virtual = 11713
INFO: [Project 1-111] Unisim Transformation Summary:
No Unisim elements were transformed.

INFO: [Common 17-83] Releasing license: Synthesis
19 Infos, 0 Warnings, 0 Critical Warnings and 0 Errors encountered.
synth_design completed successfully
synth_design: Time (s): cpu = 00:00:24 ; elapsed = 00:00:22 . Memory (MB): peak = 2586.883 ; gain = 173.758 ; free physical = 6506 ; free virtual = 11839
INFO: [Common 17-1381] The checkpoint '/home/mconsonni/Desktop/Tesi/Projects/TDC-Panther/TDC-Panther.runs/design_1_CoarseTreeDistributor_0_0_synth_1/design_1_CoarseTreeDistributor_0_0.dcp' has been generated.
WARNING: [Common 17-576] 'use_project_ipc' is deprecated. This option is deprecated and no longer used.
INFO: [Coretcl 2-1648] Added synthesis output to IP cache for IP design_1_CoarseTreeDistributor_0_0, cache-ID = acaba36d00a0eecb
INFO: [Coretcl 2-1174] Renamed 6 cell refs.
INFO: [Common 17-1381] The checkpoint '/home/mconsonni/Desktop/Tesi/Projects/TDC-Panther/TDC-Panther.runs/design_1_CoarseTreeDistributor_0_0_synth_1/design_1_CoarseTreeDistributor_0_0.dcp' has been generated.
INFO: [runtcl-4] Executing : report_utilization -file design_1_CoarseTreeDistributor_0_0_utilization_synth.rpt -pb design_1_CoarseTreeDistributor_0_0_utilization_synth.pb
INFO: [Common 17-206] Exiting Vivado at Mon Nov  8 09:41:43 2021...
